{"C:\\Development\\phincon\\bootcamp\\batch3\\boilerplate-react\\boilerplate-react-vite\\config\\development.js": {"path":"C:\\Development\\phincon\\bootcamp\\batch3\\boilerplate-react\\boilerplate-react-vite\\config\\development.js","statementMap":{},"fnMap":{},"branchMap":{},"s":{},"f":{},"b":{},"_coverageSchema":"1a1c01bbd47fc00a2c39e90264f33305004495a9","hash":"184e98efe986b5405f16229a1b0d200efa537db0"}
,"C:\\Development\\phincon\\bootcamp\\batch3\\boilerplate-react\\boilerplate-react-vite\\config\\index.js": {"path":"C:\\Development\\phincon\\bootcamp\\batch3\\boilerplate-react\\boilerplate-react-vite\\config\\index.js","statementMap":{"0":{"start":{"line":5,"column":16},"end":{"line":5,"column":53}},"1":{"start":{"line":7,"column":12},"end":{"line":7,"column":54}},"2":{"start":{"line":9,"column":15},"end":{"line":16,"column":1}}},"fnMap":{},"branchMap":{"0":{"loc":{"start":{"line":5,"column":16},"end":{"line":5,"column":53}},"type":"binary-expr","locations":[{"start":{"line":5,"column":16},"end":{"line":5,"column":36}},{"start":{"line":5,"column":40},"end":{"line":5,"column":53}}],"line":5}},"s":{"0":1,"1":1,"2":1},"f":{},"b":{"0":[1,0]},"_coverageSchema":"1a1c01bbd47fc00a2c39e90264f33305004495a9","hash":"6b4e7bd9910ac7a917f8857081fb0248e8e8ed35"}
,"C:\\Development\\phincon\\bootcamp\\batch3\\boilerplate-react\\boilerplate-react-vite\\config\\production.js": {"path":"C:\\Development\\phincon\\bootcamp\\batch3\\boilerplate-react\\boilerplate-react-vite\\config\\production.js","statementMap":{},"fnMap":{},"branchMap":{},"s":{},"f":{},"b":{},"_coverageSchema":"1a1c01bbd47fc00a2c39e90264f33305004495a9","hash":"c0f10f1497d89ee49b6bef76565ff495cb9e6913"}
,"C:\\Development\\phincon\\bootcamp\\batch3\\boilerplate-react\\boilerplate-react-vite\\config\\test.env.js": {"path":"C:\\Development\\phincon\\bootcamp\\batch3\\boilerplate-react\\boilerplate-react-vite\\config\\test.env.js","statementMap":{},"fnMap":{},"branchMap":{},"s":{},"f":{},"b":{},"_coverageSchema":"1a1c01bbd47fc00a2c39e90264f33305004495a9","hash":"3c7fc696bf4205c7ff9f26e7b79123dfaa092c5f"}
,"C:\\Development\\phincon\\bootcamp\\batch3\\boilerplate-react\\boilerplate-react-vite\\src\\configureStore.js": {"path":"C:\\Development\\phincon\\bootcamp\\batch3\\boilerplate-react\\boilerplate-react-vite\\src\\configureStore.js","statementMap":{"0":{"start":{"line":9,"column":18},"end":{"line":9,"column":20}},"1":{"start":{"line":12,"column":23},"end":{"line":34,"column":1}},"2":{"start":{"line":13,"column":25},"end":{"line":13,"column":32}},"3":{"start":{"line":14,"column":34},"end":{"line":16,"column":3}},"4":{"start":{"line":18,"column":2},"end":{"line":20,"column":3}},"5":{"start":{"line":19,"column":4},"end":{"line":19,"column":120}},"6":{"start":{"line":19,"column":53},"end":{"line":19,"column":120}},"7":{"start":{"line":22,"column":27},"end":{"line":22,"column":72}},"8":{"start":{"line":23,"column":25},"end":{"line":23,"column":70}},"9":{"start":{"line":24,"column":22},"end":{"line":24,"column":38}},"10":{"start":{"line":25,"column":20},"end":{"line":25,"column":53}},"11":{"start":{"line":27,"column":16},"end":{"line":27,"column":91}},"12":{"start":{"line":29,"column":2},"end":{"line":29,"column":37}},"13":{"start":{"line":32,"column":2},"end":{"line":32,"column":26}},"14":{"start":{"line":33,"column":2},"end":{"line":33,"column":15}},"15":{"start":{"line":36,"column":14},"end":{"line":36,"column":39}},"16":{"start":{"line":39,"column":25},"end":{"line":39,"column":44}}},"fnMap":{"0":{"name":"(anonymous_0)","decl":{"start":{"line":12,"column":23},"end":{"line":12,"column":24}},"loc":{"start":{"line":12,"column":46},"end":{"line":34,"column":1}},"line":12}},"branchMap":{"0":{"loc":{"start":{"line":12,"column":24},"end":{"line":12,"column":41}},"type":"default-arg","locations":[{"start":{"line":12,"column":39},"end":{"line":12,"column":41}}],"line":12},"1":{"loc":{"start":{"line":18,"column":2},"end":{"line":20,"column":3}},"type":"if","locations":[{"start":{"line":18,"column":2},"end":{"line":20,"column":3}},{"start":{},"end":{}}],"line":18},"2":{"loc":{"start":{"line":18,"column":6},"end":{"line":18,"column":73}},"type":"binary-expr","locations":[{"start":{"line":18,"column":6},"end":{"line":18,"column":43}},{"start":{"line":18,"column":47},"end":{"line":18,"column":73}}],"line":18},"3":{"loc":{"start":{"line":19,"column":4},"end":{"line":19,"column":120}},"type":"if","locations":[{"start":{"line":19,"column":4},"end":{"line":19,"column":120}},{"start":{},"end":{}}],"line":19}},"s":{"0":1,"1":1,"2":1,"3":1,"4":1,"5":1,"6":0,"7":1,"8":1,"9":1,"10":1,"11":1,"12":1,"13":1,"14":1,"15":1,"16":1},"f":{"0":1},"b":{"0":[0],"1":[1,0],"2":[1,1],"3":[0,1]},"_coverageSchema":"1a1c01bbd47fc00a2c39e90264f33305004495a9","hash":"4897f3b4f794a23f3c50a77717cb82eae3523b60"}
,"C:\\Development\\phincon\\bootcamp\\batch3\\boilerplate-react\\boilerplate-react-vite\\src\\persistence.js": {"path":"C:\\Development\\phincon\\bootcamp\\batch3\\boilerplate-react\\boilerplate-react-vite\\src\\persistence.js","statementMap":{"0":{"start":{"line":4,"column":28},"end":{"line":8,"column":1}},"1":{"start":{"line":10,"column":32},"end":{"line":22,"column":56}},"2":{"start":{"line":11,"column":2},"end":{"line":22,"column":56}},"3":{"start":{"line":12,"column":30},"end":{"line":21,"column":5}},"4":{"start":{"line":22,"column":27},"end":{"line":22,"column":51}}},"fnMap":{"0":{"name":"(anonymous_0)","decl":{"start":{"line":10,"column":32},"end":{"line":10,"column":33}},"loc":{"start":{"line":11,"column":2},"end":{"line":22,"column":56}},"line":11},"1":{"name":"(anonymous_1)","decl":{"start":{"line":12,"column":9},"end":{"line":12,"column":10}},"loc":{"start":{"line":12,"column":30},"end":{"line":21,"column":5}},"line":12},"2":{"name":"(anonymous_2)","decl":{"start":{"line":22,"column":12},"end":{"line":22,"column":13}},"loc":{"start":{"line":22,"column":27},"end":{"line":22,"column":51}},"line":22}},"branchMap":{},"s":{"0":1,"1":1,"2":1,"3":3,"4":3},"f":{"0":1,"1":3,"2":3},"b":{},"_coverageSchema":"1a1c01bbd47fc00a2c39e90264f33305004495a9","hash":"d50765b63357be450a172f3bffa80e039a94778b"}
,"C:\\Development\\phincon\\bootcamp\\batch3\\boilerplate-react\\boilerplate-react-vite\\src\\reducers.js": {"path":"C:\\Development\\phincon\\bootcamp\\batch3\\boilerplate-react\\boilerplate-react-vite\\src\\reducers.js","statementMap":{"0":{"start":{"line":10,"column":23},"end":{"line":14,"column":1}},"1":{"start":{"line":16,"column":26},"end":{"line":18,"column":1}},"2":{"start":{"line":20,"column":22},"end":{"line":27,"column":1}},"3":{"start":{"line":21,"column":22},"end":{"line":24,"column":4}},"4":{"start":{"line":25,"column":22},"end":{"line":25,"column":67}},"5":{"start":{"line":25,"column":41},"end":{"line":25,"column":67}},"6":{"start":{"line":26,"column":2},"end":{"line":26,"column":21}}},"fnMap":{"0":{"name":"(anonymous_0)","decl":{"start":{"line":20,"column":22},"end":{"line":20,"column":23}},"loc":{"start":{"line":20,"column":28},"end":{"line":27,"column":1}},"line":20},"1":{"name":"(anonymous_1)","decl":{"start":{"line":25,"column":22},"end":{"line":25,"column":23}},"loc":{"start":{"line":25,"column":41},"end":{"line":25,"column":67}},"line":25}},"branchMap":{},"s":{"0":1,"1":1,"2":1,"3":1,"4":1,"5":6,"6":1},"f":{"0":1,"1":6},"b":{},"_coverageSchema":"1a1c01bbd47fc00a2c39e90264f33305004495a9","hash":"1de66f7cb6e99a75908e6a4c6e533f453e16e824"}
,"C:\\Development\\phincon\\bootcamp\\batch3\\boilerplate-react\\boilerplate-react-vite\\src\\rootSaga.js": {"path":"C:\\Development\\phincon\\bootcamp\\batch3\\boilerplate-react\\boilerplate-react-vite\\src\\rootSaga.js","statementMap":{"0":{"start":{"line":7,"column":2},"end":{"line":10,"column":5}}},"fnMap":{"0":{"name":"rootSaga","decl":{"start":{"line":6,"column":25},"end":{"line":6,"column":33}},"loc":{"start":{"line":6,"column":36},"end":{"line":11,"column":1}},"line":6}},"branchMap":{},"s":{"0":1},"f":{"0":1},"b":{},"_coverageSchema":"1a1c01bbd47fc00a2c39e90264f33305004495a9","hash":"b2c21756c5338220170a0c1d2d9ebb98ba4972f8"}
,"C:\\Development\\phincon\\bootcamp\\batch3\\boilerplate-react\\boilerplate-react-vite\\src\\components\\Cards\\index.jsx": {"path":"C:\\Development\\phincon\\bootcamp\\batch3\\boilerplate-react\\boilerplate-react-vite\\src\\components\\Cards\\index.jsx","statementMap":{"0":{"start":{"line":7,"column":14},"end":{"line":31,"column":1}},"1":{"start":{"line":8,"column":19},"end":{"line":8,"column":32}},"2":{"start":{"line":10,"column":2},"end":{"line":30,"column":4}},"3":{"start":{"line":22,"column":87},"end":{"line":22,"column":113}},"4":{"start":{"line":33,"column":0},"end":{"line":37,"column":2}}},"fnMap":{"0":{"name":"(anonymous_0)","decl":{"start":{"line":7,"column":14},"end":{"line":7,"column":15}},"loc":{"start":{"line":7,"column":43},"end":{"line":31,"column":1}},"line":7},"1":{"name":"(anonymous_1)","decl":{"start":{"line":22,"column":81},"end":{"line":22,"column":82}},"loc":{"start":{"line":22,"column":87},"end":{"line":22,"column":113}},"line":22}},"branchMap":{"0":{"loc":{"start":{"line":11,"column":50},"end":{"line":11,"column":121}},"type":"cond-expr","locations":[{"start":{"line":11,"column":69},"end":{"line":11,"column":81}},{"start":{"line":11,"column":84},"end":{"line":11,"column":121}}],"line":11},"1":{"loc":{"start":{"line":21,"column":9},"end":{"line":25,"column":9}},"type":"cond-expr","locations":[{"start":{"line":21,"column":28},"end":{"line":21,"column":32}},{"start":{"line":22,"column":10},"end":{"line":24,"column":16}}],"line":21}},"s":{"0":1,"1":5,"2":5,"3":1,"4":1},"f":{"0":5,"1":1},"b":{"0":[5,0],"1":[0,5]},"_coverageSchema":"1a1c01bbd47fc00a2c39e90264f33305004495a9","hash":"e9f2f27830a93508795211d02a4f25501a02d660"}
,"C:\\Development\\phincon\\bootcamp\\batch3\\boilerplate-react\\boilerplate-react-vite\\src\\components\\Loader\\index.jsx": {"path":"C:\\Development\\phincon\\bootcamp\\batch3\\boilerplate-react\\boilerplate-react-vite\\src\\components\\Loader\\index.jsx","statementMap":{"0":{"start":{"line":6,"column":15},"end":{"line":16,"column":1}},"1":{"start":{"line":7,"column":2},"end":{"line":15,"column":8}},"2":{"start":{"line":18,"column":0},"end":{"line":20,"column":2}}},"fnMap":{"0":{"name":"(anonymous_0)","decl":{"start":{"line":6,"column":15},"end":{"line":6,"column":16}},"loc":{"start":{"line":7,"column":2},"end":{"line":15,"column":8}},"line":7}},"branchMap":{"0":{"loc":{"start":{"line":11,"column":28},"end":{"line":11,"column":46}},"type":"binary-expr","locations":[{"start":{"line":11,"column":28},"end":{"line":11,"column":37}},{"start":{"line":11,"column":41},"end":{"line":11,"column":46}}],"line":11}},"s":{"0":1,"1":3,"2":1},"f":{"0":3},"b":{"0":[3,1]},"_coverageSchema":"1a1c01bbd47fc00a2c39e90264f33305004495a9","hash":"34d4104ff22308d637e6ef18cbec6694e95c6c9a"}
,"C:\\Development\\phincon\\bootcamp\\batch3\\boilerplate-react\\boilerplate-react-vite\\src\\components\\Navbar\\index.jsx": {"path":"C:\\Development\\phincon\\bootcamp\\batch3\\boilerplate-react\\boilerplate-react-vite\\src\\components\\Navbar\\index.jsx","statementMap":{"0":{"start":{"line":17,"column":15},"end":{"line":84,"column":1}},"1":{"start":{"line":18,"column":19},"end":{"line":18,"column":32}},"2":{"start":{"line":19,"column":19},"end":{"line":19,"column":32}},"3":{"start":{"line":20,"column":42},"end":{"line":20,"column":56}},"4":{"start":{"line":21,"column":15},"end":{"line":21,"column":36}},"5":{"start":{"line":23,"column":22},"end":{"line":25,"column":3}},"6":{"start":{"line":24,"column":4},"end":{"line":24,"column":41}},"7":{"start":{"line":27,"column":22},"end":{"line":29,"column":3}},"8":{"start":{"line":28,"column":4},"end":{"line":28,"column":26}},"9":{"start":{"line":31,"column":22},"end":{"line":33,"column":3}},"10":{"start":{"line":32,"column":4},"end":{"line":32,"column":61}},"11":{"start":{"line":35,"column":23},"end":{"line":40,"column":3}},"12":{"start":{"line":36,"column":4},"end":{"line":38,"column":5}},"13":{"start":{"line":37,"column":6},"end":{"line":37,"column":32}},"14":{"start":{"line":39,"column":4},"end":{"line":39,"column":18}},"15":{"start":{"line":42,"column":17},"end":{"line":44,"column":3}},"16":{"start":{"line":43,"column":4},"end":{"line":43,"column":18}},"17":{"start":{"line":46,"column":2},"end":{"line":83,"column":4}},"18":{"start":{"line":64,"column":35},"end":{"line":64,"column":53}},"19":{"start":{"line":72,"column":35},"end":{"line":72,"column":53}},"20":{"start":{"line":86,"column":0},"end":{"line":90,"column":2}}},"fnMap":{"0":{"name":"(anonymous_0)","decl":{"start":{"line":17,"column":15},"end":{"line":17,"column":16}},"loc":{"start":{"line":17,"column":45},"end":{"line":84,"column":1}},"line":17},"1":{"name":"(anonymous_1)","decl":{"start":{"line":23,"column":22},"end":{"line":23,"column":23}},"loc":{"start":{"line":23,"column":33},"end":{"line":25,"column":3}},"line":23},"2":{"name":"(anonymous_2)","decl":{"start":{"line":27,"column":22},"end":{"line":27,"column":23}},"loc":{"start":{"line":27,"column":28},"end":{"line":29,"column":3}},"line":27},"3":{"name":"(anonymous_3)","decl":{"start":{"line":31,"column":22},"end":{"line":31,"column":23}},"loc":{"start":{"line":31,"column":28},"end":{"line":33,"column":3}},"line":31},"4":{"name":"(anonymous_4)","decl":{"start":{"line":35,"column":23},"end":{"line":35,"column":24}},"loc":{"start":{"line":35,"column":33},"end":{"line":40,"column":3}},"line":35},"5":{"name":"(anonymous_5)","decl":{"start":{"line":42,"column":17},"end":{"line":42,"column":18}},"loc":{"start":{"line":42,"column":23},"end":{"line":44,"column":3}},"line":42},"6":{"name":"(anonymous_6)","decl":{"start":{"line":64,"column":29},"end":{"line":64,"column":30}},"loc":{"start":{"line":64,"column":35},"end":{"line":64,"column":53}},"line":64},"7":{"name":"(anonymous_7)","decl":{"start":{"line":72,"column":29},"end":{"line":72,"column":30}},"loc":{"start":{"line":72,"column":35},"end":{"line":72,"column":53}},"line":72}},"branchMap":{"0":{"loc":{"start":{"line":32,"column":22},"end":{"line":32,"column":58}},"type":"cond-expr","locations":[{"start":{"line":32,"column":42},"end":{"line":32,"column":48}},{"start":{"line":32,"column":51},"end":{"line":32,"column":58}}],"line":32},"1":{"loc":{"start":{"line":36,"column":4},"end":{"line":38,"column":5}},"type":"if","locations":[{"start":{"line":36,"column":4},"end":{"line":38,"column":5}},{"start":{},"end":{}}],"line":36},"2":{"loc":{"start":{"line":55,"column":13},"end":{"line":55,"column":71}},"type":"cond-expr","locations":[{"start":{"line":55,"column":33},"end":{"line":55,"column":51}},{"start":{"line":55,"column":54},"end":{"line":55,"column":71}}],"line":55},"3":{"loc":{"start":{"line":58,"column":52},"end":{"line":58,"column":91}},"type":"cond-expr","locations":[{"start":{"line":58,"column":70},"end":{"line":58,"column":79}},{"start":{"line":58,"column":82},"end":{"line":58,"column":91}}],"line":58}},"s":{"0":1,"1":2,"2":2,"3":2,"4":2,"5":2,"6":0,"7":2,"8":0,"9":2,"10":0,"11":2,"12":0,"13":0,"14":0,"15":2,"16":0,"17":2,"18":0,"19":0,"20":1},"f":{"0":2,"1":0,"2":0,"3":0,"4":0,"5":0,"6":0,"7":0},"b":{"0":[0,0],"1":[0,0],"2":[2,0],"3":[0,2]},"_coverageSchema":"1a1c01bbd47fc00a2c39e90264f33305004495a9","hash":"4ed62cec567f5b218dd8f8704ac114e0cab68dfd"}
,"C:\\Development\\phincon\\bootcamp\\batch3\\boilerplate-react\\boilerplate-react-vite\\src\\containers\\App\\actions.js": {"path":"C:\\Development\\phincon\\bootcamp\\batch3\\boilerplate-react\\boilerplate-react-vite\\src\\containers\\App\\actions.js","statementMap":{"0":{"start":{"line":3,"column":25},"end":{"line":6,"column":2}},"1":{"start":{"line":3,"column":38},"end":{"line":6,"column":1}},"2":{"start":{"line":8,"column":24},"end":{"line":11,"column":2}},"3":{"start":{"line":8,"column":36},"end":{"line":11,"column":1}},"4":{"start":{"line":13,"column":25},"end":{"line":20,"column":2}},"5":{"start":{"line":13,"column":56},"end":{"line":20,"column":1}},"6":{"start":{"line":22,"column":25},"end":{"line":29,"column":2}},"7":{"start":{"line":22,"column":32},"end":{"line":29,"column":1}},"8":{"start":{"line":31,"column":26},"end":{"line":34,"column":2}},"9":{"start":{"line":31,"column":40},"end":{"line":34,"column":1}},"10":{"start":{"line":36,"column":20},"end":{"line":38,"column":2}},"11":{"start":{"line":36,"column":27},"end":{"line":38,"column":1}}},"fnMap":{"0":{"name":"(anonymous_0)","decl":{"start":{"line":3,"column":25},"end":{"line":3,"column":26}},"loc":{"start":{"line":3,"column":38},"end":{"line":6,"column":1}},"line":3},"1":{"name":"(anonymous_1)","decl":{"start":{"line":8,"column":24},"end":{"line":8,"column":25}},"loc":{"start":{"line":8,"column":36},"end":{"line":11,"column":1}},"line":8},"2":{"name":"(anonymous_2)","decl":{"start":{"line":13,"column":25},"end":{"line":13,"column":26}},"loc":{"start":{"line":13,"column":56},"end":{"line":20,"column":1}},"line":13},"3":{"name":"(anonymous_3)","decl":{"start":{"line":22,"column":25},"end":{"line":22,"column":26}},"loc":{"start":{"line":22,"column":32},"end":{"line":29,"column":1}},"line":22},"4":{"name":"(anonymous_4)","decl":{"start":{"line":31,"column":26},"end":{"line":31,"column":27}},"loc":{"start":{"line":31,"column":40},"end":{"line":34,"column":1}},"line":31},"5":{"name":"(anonymous_5)","decl":{"start":{"line":36,"column":20},"end":{"line":36,"column":21}},"loc":{"start":{"line":36,"column":27},"end":{"line":38,"column":1}},"line":36}},"branchMap":{"0":{"loc":{"start":{"line":13,"column":26},"end":{"line":13,"column":36}},"type":"default-arg","locations":[{"start":{"line":13,"column":34},"end":{"line":13,"column":36}}],"line":13},"1":{"loc":{"start":{"line":13,"column":38},"end":{"line":13,"column":50}},"type":"default-arg","locations":[{"start":{"line":13,"column":48},"end":{"line":13,"column":50}}],"line":13}},"s":{"0":2,"1":0,"2":2,"3":0,"4":2,"5":0,"6":2,"7":0,"8":2,"9":0,"10":2,"11":0},"f":{"0":0,"1":0,"2":0,"3":0,"4":0,"5":0},"b":{"0":[0],"1":[0]},"_coverageSchema":"1a1c01bbd47fc00a2c39e90264f33305004495a9","hash":"6eb1661bb5d76fc3703f034a510db8e8073d07c4"}
,"C:\\Development\\phincon\\bootcamp\\batch3\\boilerplate-react\\boilerplate-react-vite\\src\\containers\\App\\constants.js": {"path":"C:\\Development\\phincon\\bootcamp\\batch3\\boilerplate-react\\boilerplate-react-vite\\src\\containers\\App\\constants.js","statementMap":{"0":{"start":{"line":1,"column":25},"end":{"line":1,"column":40}},"1":{"start":{"line":2,"column":25},"end":{"line":2,"column":40}},"2":{"start":{"line":3,"column":25},"end":{"line":3,"column":40}},"3":{"start":{"line":4,"column":27},"end":{"line":4,"column":44}},"4":{"start":{"line":6,"column":20},"end":{"line":6,"column":30}}},"fnMap":{},"branchMap":{},"s":{"0":2,"1":2,"2":2,"3":2,"4":2},"f":{},"b":{},"_coverageSchema":"1a1c01bbd47fc00a2c39e90264f33305004495a9","hash":"8c80e1877c405d0f78e058c1a2237fc477e6d982"}
,"C:\\Development\\phincon\\bootcamp\\batch3\\boilerplate-react\\boilerplate-react-vite\\src\\containers\\App\\reducer.js": {"path":"C:\\Development\\phincon\\bootcamp\\batch3\\boilerplate-react\\boilerplate-react-vite\\src\\containers\\App\\reducer.js","statementMap":{"0":{"start":{"line":5,"column":28},"end":{"line":14,"column":1}},"1":{"start":{"line":16,"column":25},"end":{"line":16,"column":44}},"2":{"start":{"line":18,"column":19},"end":{"line":34,"column":4}},"3":{"start":{"line":19,"column":2},"end":{"line":34,"column":4}},"4":{"start":{"line":20,"column":4},"end":{"line":33,"column":5}},"5":{"start":{"line":22,"column":8},"end":{"line":22,"column":37}},"6":{"start":{"line":23,"column":8},"end":{"line":23,"column":14}},"7":{"start":{"line":25,"column":8},"end":{"line":25,"column":35}},"8":{"start":{"line":26,"column":8},"end":{"line":26,"column":14}},"9":{"start":{"line":28,"column":8},"end":{"line":28,"column":35}},"10":{"start":{"line":29,"column":8},"end":{"line":29,"column":14}},"11":{"start":{"line":31,"column":8},"end":{"line":31,"column":39}},"12":{"start":{"line":32,"column":8},"end":{"line":32,"column":14}}},"fnMap":{"0":{"name":"(anonymous_0)","decl":{"start":{"line":18,"column":19},"end":{"line":18,"column":20}},"loc":{"start":{"line":19,"column":2},"end":{"line":34,"column":4}},"line":19},"1":{"name":"(anonymous_1)","decl":{"start":{"line":19,"column":17},"end":{"line":19,"column":18}},"loc":{"start":{"line":19,"column":28},"end":{"line":34,"column":3}},"line":19}},"branchMap":{"0":{"loc":{"start":{"line":18,"column":20},"end":{"line":18,"column":40}},"type":"default-arg","locations":[{"start":{"line":18,"column":28},"end":{"line":18,"column":40}}],"line":18},"1":{"loc":{"start":{"line":20,"column":4},"end":{"line":33,"column":5}},"type":"switch","locations":[{"start":{"line":21,"column":6},"end":{"line":23,"column":14}},{"start":{"line":24,"column":6},"end":{"line":26,"column":14}},{"start":{"line":27,"column":6},"end":{"line":29,"column":14}},{"start":{"line":30,"column":6},"end":{"line":32,"column":14}}],"line":20}},"s":{"0":1,"1":1,"2":1,"3":8,"4":8,"5":0,"6":0,"7":0,"8":0,"9":0,"10":0,"11":0,"12":0},"f":{"0":8,"1":8},"b":{"0":[3],"1":[0,0,0,0]},"_coverageSchema":"1a1c01bbd47fc00a2c39e90264f33305004495a9","hash":"3514f50484005a6bd1431bd9da4fa0b14a5946d1"}
,"C:\\Development\\phincon\\bootcamp\\batch3\\boilerplate-react\\boilerplate-react-vite\\src\\containers\\App\\saga.js": {"path":"C:\\Development\\phincon\\bootcamp\\batch3\\boilerplate-react\\boilerplate-react-vite\\src\\containers\\App\\saga.js","statementMap":{"0":{"start":{"line":8,"column":2},"end":{"line":8,"column":30}},"1":{"start":{"line":9,"column":2},"end":{"line":13,"column":3}},"2":{"start":{"line":12,"column":4},"end":{"line":12,"column":27}},"3":{"start":{"line":14,"column":2},"end":{"line":14,"column":31}},"4":{"start":{"line":18,"column":2},"end":{"line":18,"column":33}}},"fnMap":{"0":{"name":"doPing","decl":{"start":{"line":7,"column":10},"end":{"line":7,"column":16}},"loc":{"start":{"line":7,"column":19},"end":{"line":15,"column":1}},"line":7},"1":{"name":"appSaga","decl":{"start":{"line":17,"column":25},"end":{"line":17,"column":32}},"loc":{"start":{"line":17,"column":35},"end":{"line":19,"column":1}},"line":17}},"branchMap":{},"s":{"0":0,"1":0,"2":0,"3":0,"4":1},"f":{"0":0,"1":1},"b":{},"_coverageSchema":"1a1c01bbd47fc00a2c39e90264f33305004495a9","hash":"8f506bba11e7d5480fb8fc74b78ec1f1a9f4fdf7"}
,"C:\\Development\\phincon\\bootcamp\\batch3\\boilerplate-react\\boilerplate-react-vite\\src\\containers\\Client\\constants.js": {"path":"C:\\Development\\phincon\\bootcamp\\batch3\\boilerplate-react\\boilerplate-react-vite\\src\\containers\\Client\\constants.js","statementMap":{"0":{"start":{"line":1,"column":25},"end":{"line":1,"column":43}},"1":{"start":{"line":2,"column":25},"end":{"line":2,"column":43}}},"fnMap":{},"branchMap":{},"s":{"0":1,"1":1},"f":{},"b":{},"_coverageSchema":"1a1c01bbd47fc00a2c39e90264f33305004495a9","hash":"12a96b0362204c8dbaf2b625194b3c7b4c3574ee"}
,"C:\\Development\\phincon\\bootcamp\\batch3\\boilerplate-react\\boilerplate-react-vite\\src\\containers\\Client\\reducer.js": {"path":"C:\\Development\\phincon\\bootcamp\\batch3\\boilerplate-react\\boilerplate-react-vite\\src\\containers\\Client\\reducer.js","statementMap":{"0":{"start":{"line":5,"column":28},"end":{"line":8,"column":1}},"1":{"start":{"line":10,"column":25},"end":{"line":10,"column":43}},"2":{"start":{"line":12,"column":22},"end":{"line":22,"column":4}},"3":{"start":{"line":13,"column":2},"end":{"line":22,"column":4}},"4":{"start":{"line":14,"column":4},"end":{"line":21,"column":5}},"5":{"start":{"line":16,"column":8},"end":{"line":16,"column":35}},"6":{"start":{"line":17,"column":8},"end":{"line":17,"column":14}},"7":{"start":{"line":19,"column":8},"end":{"line":19,"column":35}},"8":{"start":{"line":20,"column":8},"end":{"line":20,"column":14}}},"fnMap":{"0":{"name":"(anonymous_0)","decl":{"start":{"line":12,"column":22},"end":{"line":12,"column":23}},"loc":{"start":{"line":13,"column":2},"end":{"line":22,"column":4}},"line":13},"1":{"name":"(anonymous_1)","decl":{"start":{"line":13,"column":17},"end":{"line":13,"column":18}},"loc":{"start":{"line":13,"column":28},"end":{"line":22,"column":3}},"line":13}},"branchMap":{"0":{"loc":{"start":{"line":12,"column":23},"end":{"line":12,"column":43}},"type":"default-arg","locations":[{"start":{"line":12,"column":31},"end":{"line":12,"column":43}}],"line":12},"1":{"loc":{"start":{"line":14,"column":4},"end":{"line":21,"column":5}},"type":"switch","locations":[{"start":{"line":15,"column":6},"end":{"line":17,"column":14}},{"start":{"line":18,"column":6},"end":{"line":20,"column":14}}],"line":14}},"s":{"0":1,"1":1,"2":1,"3":8,"4":8,"5":0,"6":0,"7":0,"8":0},"f":{"0":8,"1":8},"b":{"0":[3],"1":[0,0]},"_coverageSchema":"1a1c01bbd47fc00a2c39e90264f33305004495a9","hash":"1f4897fca8fa0fa4be7885457885664927fe4a41"}
,"C:\\Development\\phincon\\bootcamp\\batch3\\boilerplate-react\\boilerplate-react-vite\\src\\containers\\Language\\constants.js": {"path":"C:\\Development\\phincon\\bootcamp\\batch3\\boilerplate-react\\boilerplate-react-vite\\src\\containers\\Language\\constants.js","statementMap":{"0":{"start":{"line":1,"column":28},"end":{"line":1,"column":51}},"1":{"start":{"line":2,"column":30},"end":{"line":2,"column":34}}},"fnMap":{},"branchMap":{},"s":{"0":1,"1":1},"f":{},"b":{},"_coverageSchema":"1a1c01bbd47fc00a2c39e90264f33305004495a9","hash":"d3e0ad0a5e5c72afc925c8b97ff71fb758f7c645"}
,"C:\\Development\\phincon\\bootcamp\\batch3\\boilerplate-react\\boilerplate-react-vite\\src\\containers\\Language\\reducer.js": {"path":"C:\\Development\\phincon\\bootcamp\\batch3\\boilerplate-react\\boilerplate-react-vite\\src\\containers\\Language\\reducer.js","statementMap":{"0":{"start":{"line":8,"column":28},"end":{"line":13,"column":1}},"1":{"start":{"line":15,"column":24},"end":{"line":22,"column":4}},"2":{"start":{"line":16,"column":2},"end":{"line":22,"column":4}},"3":{"start":{"line":17,"column":4},"end":{"line":21,"column":5}},"4":{"start":{"line":19,"column":8},"end":{"line":19,"column":41}},"5":{"start":{"line":20,"column":8},"end":{"line":20,"column":14}}},"fnMap":{"0":{"name":"(anonymous_0)","decl":{"start":{"line":15,"column":24},"end":{"line":15,"column":25}},"loc":{"start":{"line":16,"column":2},"end":{"line":22,"column":4}},"line":16},"1":{"name":"(anonymous_1)","decl":{"start":{"line":16,"column":17},"end":{"line":16,"column":18}},"loc":{"start":{"line":16,"column":28},"end":{"line":22,"column":3}},"line":16}},"branchMap":{"0":{"loc":{"start":{"line":15,"column":25},"end":{"line":15,"column":45}},"type":"default-arg","locations":[{"start":{"line":15,"column":33},"end":{"line":15,"column":45}}],"line":15},"1":{"loc":{"start":{"line":17,"column":4},"end":{"line":21,"column":5}},"type":"switch","locations":[{"start":{"line":18,"column":6},"end":{"line":20,"column":14}}],"line":17}},"s":{"0":1,"1":1,"2":8,"3":8,"4":0,"5":0},"f":{"0":8,"1":8},"b":{"0":[3],"1":[0]},"_coverageSchema":"1a1c01bbd47fc00a2c39e90264f33305004495a9","hash":"88846af7ddbf261e06f7967be295acf3855f34d2"}
,"C:\\Development\\phincon\\bootcamp\\batch3\\boilerplate-react\\boilerplate-react-vite\\src\\domain\\api.js": {"path":"C:\\Development\\phincon\\bootcamp\\batch3\\boilerplate-react\\boilerplate-react-vite\\src\\domain\\api.js","statementMap":{"0":{"start":{"line":6,"column":13},"end":{"line":9,"column":1}},"1":{"start":{"line":11,"column":23},"end":{"line":29,"column":1}},"2":{"start":{"line":12,"column":24},"end":{"line":14,"column":3}},"3":{"start":{"line":16,"column":18},"end":{"line":16,"column":46}},"4":{"start":{"line":17,"column":18},"end":{"line":23,"column":3}},"5":{"start":{"line":25,"column":2},"end":{"line":28,"column":5}},"6":{"start":{"line":26,"column":24},"end":{"line":26,"column":37}},"7":{"start":{"line":27,"column":4},"end":{"line":27,"column":23}},"8":{"start":{"line":33,"column":28},"end":{"line":33,"column":60}},"9":{"start":{"line":33,"column":34},"end":{"line":33,"column":60}},"10":{"start":{"line":34,"column":23},"end":{"line":39,"column":1}},"11":{"start":{"line":35,"column":17},"end":{"line":37,"column":3}},"12":{"start":{"line":38,"column":2},"end":{"line":38,"column":54}},"13":{"start":{"line":41,"column":24},"end":{"line":44,"column":1}},"14":{"start":{"line":42,"column":2},"end":{"line":42,"column":44}},"15":{"start":{"line":43,"column":2},"end":{"line":43,"column":58}}},"fnMap":{"0":{"name":"(anonymous_0)","decl":{"start":{"line":11,"column":23},"end":{"line":11,"column":24}},"loc":{"start":{"line":11,"column":88},"end":{"line":29,"column":1}},"line":11},"1":{"name":"(anonymous_1)","decl":{"start":{"line":25,"column":31},"end":{"line":25,"column":32}},"loc":{"start":{"line":25,"column":45},"end":{"line":28,"column":3}},"line":25},"2":{"name":"(anonymous_2)","decl":{"start":{"line":33,"column":28},"end":{"line":33,"column":29}},"loc":{"start":{"line":33,"column":34},"end":{"line":33,"column":60}},"line":33},"3":{"name":"(anonymous_3)","decl":{"start":{"line":34,"column":23},"end":{"line":34,"column":24}},"loc":{"start":{"line":34,"column":33},"end":{"line":39,"column":1}},"line":34},"4":{"name":"(anonymous_4)","decl":{"start":{"line":41,"column":24},"end":{"line":41,"column":25}},"loc":{"start":{"line":41,"column":38},"end":{"line":44,"column":1}},"line":41}},"branchMap":{"0":{"loc":{"start":{"line":11,"column":48},"end":{"line":11,"column":59}},"type":"default-arg","locations":[{"start":{"line":11,"column":57},"end":{"line":11,"column":59}}],"line":11},"1":{"loc":{"start":{"line":11,"column":61},"end":{"line":11,"column":72}},"type":"default-arg","locations":[{"start":{"line":11,"column":70},"end":{"line":11,"column":72}}],"line":11},"2":{"loc":{"start":{"line":11,"column":74},"end":{"line":11,"column":83}},"type":"default-arg","locations":[{"start":{"line":11,"column":81},"end":{"line":11,"column":83}}],"line":11}},"s":{"0":1,"1":1,"2":0,"3":0,"4":0,"5":0,"6":0,"7":0,"8":1,"9":0,"10":1,"11":0,"12":0,"13":1,"14":0,"15":0},"f":{"0":0,"1":0,"2":0,"3":0,"4":0},"b":{"0":[0],"1":[0],"2":[0]},"_coverageSchema":"1a1c01bbd47fc00a2c39e90264f33305004495a9","hash":"8b1e639f5c02a2f6a8d1c5dcb3071028d48bb455"}
,"C:\\Development\\phincon\\bootcamp\\batch3\\boilerplate-react\\boilerplate-react-vite\\src\\languages\\en.js": {"path":"C:\\Development\\phincon\\bootcamp\\batch3\\boilerplate-react\\boilerplate-react-vite\\src\\languages\\en.js","statementMap":{},"fnMap":{},"branchMap":{},"s":{},"f":{},"b":{},"_coverageSchema":"1a1c01bbd47fc00a2c39e90264f33305004495a9","hash":"3e999351736164bfe7a0a26f6f763961f6d2c12a"}
,"C:\\Development\\phincon\\bootcamp\\batch3\\boilerplate-react\\boilerplate-react-vite\\src\\languages\\id.js": {"path":"C:\\Development\\phincon\\bootcamp\\batch3\\boilerplate-react\\boilerplate-react-vite\\src\\languages\\id.js","statementMap":{},"fnMap":{},"branchMap":{},"s":{},"f":{},"b":{},"_coverageSchema":"1a1c01bbd47fc00a2c39e90264f33305004495a9","hash":"9e1e48e3f0ccc8dc8f7e448fc2014457ffd0418e"}
,"C:\\Development\\phincon\\bootcamp\\batch3\\boilerplate-react\\boilerplate-react-vite\\src\\pages\\Home\\actions.js": {"path":"C:\\Development\\phincon\\bootcamp\\batch3\\boilerplate-react\\boilerplate-react-vite\\src\\pages\\Home\\actions.js","statementMap":{"0":{"start":{"line":3,"column":28},"end":{"line":5,"column":2}},"1":{"start":{"line":3,"column":35},"end":{"line":5,"column":1}},"2":{"start":{"line":7,"column":26},"end":{"line":10,"column":2}},"3":{"start":{"line":7,"column":40},"end":{"line":10,"column":1}},"4":{"start":{"line":12,"column":24},"end":{"line":17,"column":2}},"5":{"start":{"line":12,"column":60},"end":{"line":17,"column":1}}},"fnMap":{"0":{"name":"(anonymous_0)","decl":{"start":{"line":3,"column":28},"end":{"line":3,"column":29}},"loc":{"start":{"line":3,"column":35},"end":{"line":5,"column":1}},"line":3},"1":{"name":"(anonymous_1)","decl":{"start":{"line":7,"column":26},"end":{"line":7,"column":27}},"loc":{"start":{"line":7,"column":40},"end":{"line":10,"column":1}},"line":7},"2":{"name":"(anonymous_2)","decl":{"start":{"line":12,"column":24},"end":{"line":12,"column":25}},"loc":{"start":{"line":12,"column":60},"end":{"line":17,"column":1}},"line":12}},"branchMap":{},"s":{"0":1,"1":0,"2":1,"3":0,"4":1,"5":0},"f":{"0":0,"1":0,"2":0},"b":{},"_coverageSchema":"1a1c01bbd47fc00a2c39e90264f33305004495a9","hash":"4a4c6a91348419793175915d7fa3d96033d2ec15"}
,"C:\\Development\\phincon\\bootcamp\\batch3\\boilerplate-react\\boilerplate-react-vite\\src\\pages\\Home\\constants.js": {"path":"C:\\Development\\phincon\\bootcamp\\batch3\\boilerplate-react\\boilerplate-react-vite\\src\\pages\\Home\\constants.js","statementMap":{"0":{"start":{"line":1,"column":29},"end":{"line":1,"column":44}},"1":{"start":{"line":2,"column":27},"end":{"line":2,"column":40}},"2":{"start":{"line":3,"column":24},"end":{"line":3,"column":34}}},"fnMap":{},"branchMap":{},"s":{"0":1,"1":1,"2":1},"f":{},"b":{},"_coverageSchema":"1a1c01bbd47fc00a2c39e90264f33305004495a9","hash":"3d89d20499599f32d33053dfe1d060426c890728"}
,"C:\\Development\\phincon\\bootcamp\\batch3\\boilerplate-react\\boilerplate-react-vite\\src\\pages\\Home\\reducer.js": {"path":"C:\\Development\\phincon\\bootcamp\\batch3\\boilerplate-react\\boilerplate-react-vite\\src\\pages\\Home\\reducer.js","statementMap":{"0":{"start":{"line":5,"column":28},"end":{"line":7,"column":1}},"1":{"start":{"line":9,"column":25},"end":{"line":9,"column":36}},"2":{"start":{"line":11,"column":20},"end":{"line":18,"column":4}},"3":{"start":{"line":12,"column":2},"end":{"line":18,"column":4}},"4":{"start":{"line":13,"column":4},"end":{"line":17,"column":5}},"5":{"start":{"line":15,"column":8},"end":{"line":15,"column":39}},"6":{"start":{"line":16,"column":8},"end":{"line":16,"column":14}}},"fnMap":{"0":{"name":"(anonymous_0)","decl":{"start":{"line":11,"column":20},"end":{"line":11,"column":21}},"loc":{"start":{"line":12,"column":2},"end":{"line":18,"column":4}},"line":12},"1":{"name":"(anonymous_1)","decl":{"start":{"line":12,"column":17},"end":{"line":12,"column":18}},"loc":{"start":{"line":12,"column":28},"end":{"line":18,"column":3}},"line":12}},"branchMap":{"0":{"loc":{"start":{"line":11,"column":21},"end":{"line":11,"column":41}},"type":"default-arg","locations":[{"start":{"line":11,"column":29},"end":{"line":11,"column":41}}],"line":11},"1":{"loc":{"start":{"line":13,"column":4},"end":{"line":17,"column":5}},"type":"switch","locations":[{"start":{"line":14,"column":6},"end":{"line":16,"column":14}}],"line":13}},"s":{"0":1,"1":1,"2":1,"3":8,"4":8,"5":0,"6":0},"f":{"0":8,"1":8},"b":{"0":[3],"1":[0]},"_coverageSchema":"1a1c01bbd47fc00a2c39e90264f33305004495a9","hash":"fb63d5fdea49d85edc2e90cbddb42ab83fdb49ce"}
,"C:\\Development\\phincon\\bootcamp\\batch3\\boilerplate-react\\boilerplate-react-vite\\src\\pages\\Home\\saga.js": {"path":"C:\\Development\\phincon\\bootcamp\\batch3\\boilerplate-react\\boilerplate-react-vite\\src\\pages\\Home\\saga.js","statementMap":{"0":{"start":{"line":9,"column":2},"end":{"line":9,"column":30}},"1":{"start":{"line":10,"column":2},"end":{"line":15,"column":3}},"2":{"start":{"line":11,"column":21},"end":{"line":11,"column":45}},"3":{"start":{"line":12,"column":4},"end":{"line":12,"column":36}},"4":{"start":{"line":16,"column":2},"end":{"line":16,"column":31}},"5":{"start":{"line":20,"column":2},"end":{"line":20,"column":30}},"6":{"start":{"line":21,"column":2},"end":{"line":29,"column":3}},"7":{"start":{"line":22,"column":21},"end":{"line":22,"column":51}},"8":{"start":{"line":23,"column":17},"end":{"line":25,"column":5}},"9":{"start":{"line":26,"column":4},"end":{"line":26,"column":33}},"10":{"start":{"line":28,"column":4},"end":{"line":28,"column":26}},"11":{"start":{"line":30,"column":2},"end":{"line":30,"column":31}},"12":{"start":{"line":34,"column":2},"end":{"line":34,"column":50}},"13":{"start":{"line":35,"column":2},"end":{"line":35,"column":41}}},"fnMap":{"0":{"name":"doFetchPokemon","decl":{"start":{"line":8,"column":10},"end":{"line":8,"column":24}},"loc":{"start":{"line":8,"column":27},"end":{"line":17,"column":1}},"line":8},"1":{"name":"doRegister","decl":{"start":{"line":19,"column":10},"end":{"line":19,"column":20}},"loc":{"start":{"line":19,"column":56},"end":{"line":31,"column":1}},"line":19},"2":{"name":"homeSaga","decl":{"start":{"line":33,"column":25},"end":{"line":33,"column":33}},"loc":{"start":{"line":33,"column":36},"end":{"line":36,"column":1}},"line":33}},"branchMap":{"0":{"loc":{"start":{"line":26,"column":4},"end":{"line":26,"column":32}},"type":"binary-expr","locations":[{"start":{"line":26,"column":4},"end":{"line":26,"column":13}},{"start":{"line":26,"column":17},"end":{"line":26,"column":32}}],"line":26},"1":{"loc":{"start":{"line":28,"column":4},"end":{"line":28,"column":26}},"type":"binary-expr","locations":[{"start":{"line":28,"column":4},"end":{"line":28,"column":12}},{"start":{"line":28,"column":16},"end":{"line":28,"column":26}}],"line":28}},"s":{"0":0,"1":0,"2":0,"3":0,"4":0,"5":0,"6":0,"7":0,"8":0,"9":0,"10":0,"11":0,"12":1,"13":1},"f":{"0":0,"1":0,"2":1},"b":{"0":[0,0],"1":[0,0]},"_coverageSchema":"1a1c01bbd47fc00a2c39e90264f33305004495a9","hash":"703c2afd247be7cba33cdac5245673eba87c0fa1"}
,"C:\\Development\\phincon\\bootcamp\\batch3\\boilerplate-react\\boilerplate-react-vite\\src\\utils\\request.js": {"path":"C:\\Development\\phincon\\bootcamp\\batch3\\boilerplate-react\\boilerplate-react-vite\\src\\utils\\request.js","statementMap":{"0":{"start":{"line":5,"column":0},"end":{"line":12,"column":3}},"1":{"start":{"line":6,"column":16},"end":{"line":6,"column":32}},"2":{"start":{"line":7,"column":20},"end":{"line":7,"column":32}},"3":{"start":{"line":8,"column":2},"end":{"line":10,"column":3}},"4":{"start":{"line":9,"column":4},"end":{"line":9,"column":56}},"5":{"start":{"line":11,"column":2},"end":{"line":11,"column":19}},"6":{"start":{"line":14,"column":0},"end":{"line":17,"column":2}},"7":{"start":{"line":15,"column":16},"end":{"line":15,"column":24}},"8":{"start":{"line":16,"column":13},"end":{"line":16,"column":34}},"9":{"start":{"line":19,"column":16},"end":{"line":19,"column":43}},"10":{"start":{"line":19,"column":29},"end":{"line":19,"column":43}}},"fnMap":{"0":{"name":"(anonymous_0)","decl":{"start":{"line":5,"column":31},"end":{"line":5,"column":32}},"loc":{"start":{"line":5,"column":46},"end":{"line":12,"column":1}},"line":5},"1":{"name":"(anonymous_1)","decl":{"start":{"line":15,"column":2},"end":{"line":15,"column":3}},"loc":{"start":{"line":15,"column":16},"end":{"line":15,"column":24}},"line":15},"2":{"name":"(anonymous_2)","decl":{"start":{"line":16,"column":2},"end":{"line":16,"column":3}},"loc":{"start":{"line":16,"column":13},"end":{"line":16,"column":34}},"line":16},"3":{"name":"(anonymous_3)","decl":{"start":{"line":19,"column":16},"end":{"line":19,"column":17}},"loc":{"start":{"line":19,"column":29},"end":{"line":19,"column":43}},"line":19}},"branchMap":{"0":{"loc":{"start":{"line":8,"column":2},"end":{"line":10,"column":3}},"type":"if","locations":[{"start":{"line":8,"column":2},"end":{"line":10,"column":3}},{"start":{},"end":{}}],"line":8}},"s":{"0":1,"1":0,"2":0,"3":0,"4":0,"5":0,"6":1,"7":0,"8":0,"9":1,"10":0},"f":{"0":0,"1":0,"2":0,"3":0},"b":{"0":[0,0]},"_coverageSchema":"1a1c01bbd47fc00a2c39e90264f33305004495a9","hash":"02804aed9981022bca2e7734fe13d37f50db910e"}
,"C:\\Development\\phincon\\bootcamp\\batch3\\boilerplate-react\\boilerplate-react-vite\\src\\utils\\testHelper.js": {"path":"C:\\Development\\phincon\\bootcamp\\batch3\\boilerplate-react\\boilerplate-react-vite\\src\\utils\\testHelper.js","statementMap":{"0":{"start":{"line":13,"column":17},"end":{"line":16,"column":1}},"1":{"start":{"line":18,"column":20},"end":{"line":24,"column":1}},"2":{"start":{"line":19,"column":2},"end":{"line":23,"column":13}},"3":{"start":{"line":26,"column":0},"end":{"line":28,"column":2}},"4":{"start":{"line":30,"column":21},"end":{"line":30,"column":86}},"5":{"start":{"line":30,"column":38},"end":{"line":30,"column":86}},"6":{"start":{"line":32,"column":13},"end":{"line":32,"column":82}},"7":{"start":{"line":32,"column":23},"end":{"line":32,"column":82}},"8":{"start":{"line":32,"column":48},"end":{"line":32,"column":81}},"9":{"start":{"line":32,"column":65},"end":{"line":32,"column":74}}},"fnMap":{"0":{"name":"(anonymous_0)","decl":{"start":{"line":18,"column":20},"end":{"line":18,"column":21}},"loc":{"start":{"line":19,"column":2},"end":{"line":23,"column":13}},"line":19},"1":{"name":"(anonymous_1)","decl":{"start":{"line":30,"column":21},"end":{"line":30,"column":22}},"loc":{"start":{"line":30,"column":38},"end":{"line":30,"column":86}},"line":30},"2":{"name":"(anonymous_2)","decl":{"start":{"line":32,"column":13},"end":{"line":32,"column":14}},"loc":{"start":{"line":32,"column":23},"end":{"line":32,"column":82}},"line":32},"3":{"name":"(anonymous_3)","decl":{"start":{"line":32,"column":35},"end":{"line":32,"column":36}},"loc":{"start":{"line":32,"column":48},"end":{"line":32,"column":81}},"line":32},"4":{"name":"(anonymous_4)","decl":{"start":{"line":32,"column":59},"end":{"line":32,"column":60}},"loc":{"start":{"line":32,"column":65},"end":{"line":32,"column":74}},"line":32}},"branchMap":{},"s":{"0":1,"1":1,"2":5,"3":1,"4":1,"5":5,"6":1,"7":0,"8":0,"9":0},"f":{"0":5,"1":5,"2":0,"3":0,"4":0},"b":{},"_coverageSchema":"1a1c01bbd47fc00a2c39e90264f33305004495a9","hash":"9fde2f37afa4f80be6fea0387f32e807a81b6cfa"}
}
