TN:
SF:config\development.js
FNF:0
FNH:0
LF:0
LH:0
BRF:0
BRH:0
end_of_record
TN:
SF:config\index.js
FNF:0
FNH:0
DA:5,1
DA:7,1
DA:9,1
LF:3
LH:3
BRDA:5,0,0,1
BRDA:5,0,1,0
BRF:2
BRH:1
end_of_record
TN:
SF:config\production.js
FNF:0
FNH:0
LF:0
LH:0
BRF:0
BRH:0
end_of_record
TN:
SF:config\test.env.js
FNF:0
FNH:0
LF:0
LH:0
BRF:0
BRH:0
end_of_record
TN:
SF:src\configureStore.js
FN:12,(anonymous_0)
FNF:1
FNH:1
FNDA:1,(anonymous_0)
DA:9,1
DA:12,1
DA:13,1
DA:14,1
DA:18,1
DA:19,1
DA:22,1
DA:23,1
DA:24,1
DA:25,1
DA:27,1
DA:29,1
DA:32,1
DA:33,1
DA:36,1
DA:39,1
LF:16
LH:16
BRDA:12,0,0,0
BRDA:18,1,0,1
BRDA:18,1,1,0
BRDA:18,2,0,1
BRDA:18,2,1,1
BRDA:19,3,0,0
BRDA:19,3,1,1
BRF:7
BRH:4
end_of_record
TN:
SF:src\persistence.js
FN:10,(anonymous_0)
FN:12,(anonymous_1)
FN:22,(anonymous_2)
FNF:3
FNH:3
FNDA:1,(anonymous_0)
FNDA:3,(anonymous_1)
FNDA:3,(anonymous_2)
DA:4,1
DA:10,1
DA:11,1
DA:12,3
DA:22,3
LF:5
LH:5
BRF:0
BRH:0
end_of_record
TN:
SF:src\reducers.js
FN:20,(anonymous_0)
FN:25,(anonymous_1)
FNF:2
FNH:2
FNDA:1,(anonymous_0)
FNDA:6,(anonymous_1)
DA:10,1
DA:16,1
DA:20,1
DA:21,1
DA:25,6
DA:26,1
LF:6
LH:6
BRF:0
BRH:0
end_of_record
TN:
SF:src\rootSaga.js
FN:6,rootSaga
FNF:1
FNH:1
FNDA:1,rootSaga
DA:7,1
LF:1
LH:1
BRF:0
BRH:0
end_of_record
TN:
SF:src\components\Cards\index.jsx
FN:7,(anonymous_0)
FN:22,(anonymous_1)
FNF:2
FNH:2
FNDA:5,(anonymous_0)
FNDA:1,(anonymous_1)
DA:7,1
DA:8,5
DA:10,5
DA:22,1
DA:33,1
LF:5
LH:5
BRDA:11,0,0,5
BRDA:11,0,1,0
BRDA:21,1,0,0
BRDA:21,1,1,5
BRF:4
BRH:2
end_of_record
TN:
SF:src\components\Loader\index.jsx
FN:6,(anonymous_0)
FNF:1
FNH:1
FNDA:3,(anonymous_0)
DA:6,1
DA:7,3
DA:18,1
LF:3
LH:3
BRDA:11,0,0,3
BRDA:11,0,1,1
BRF:2
BRH:2
end_of_record
TN:
SF:src\components\Navbar\index.jsx
FN:17,(anonymous_0)
FN:23,(anonymous_1)
FN:27,(anonymous_2)
FN:31,(anonymous_3)
FN:35,(anonymous_4)
FN:42,(anonymous_5)
FN:64,(anonymous_6)
FN:72,(anonymous_7)
FNF:8
FNH:1
FNDA:2,(anonymous_0)
FNDA:0,(anonymous_1)
FNDA:0,(anonymous_2)
FNDA:0,(anonymous_3)
FNDA:0,(anonymous_4)
FNDA:0,(anonymous_5)
FNDA:0,(anonymous_6)
FNDA:0,(anonymous_7)
DA:17,1
DA:18,2
DA:19,2
DA:20,2
DA:21,2
DA:23,2
DA:24,0
DA:27,2
DA:28,0
DA:31,2
DA:32,0
DA:35,2
DA:36,0
DA:37,0
DA:39,0
DA:42,2
DA:43,0
DA:46,2
DA:64,0
DA:72,0
DA:86,1
LF:21
LH:12
BRDA:32,0,0,0
BRDA:32,0,1,0
BRDA:36,1,0,0
BRDA:36,1,1,0
BRDA:55,2,0,2
BRDA:55,2,1,0
BRDA:58,3,0,0
BRDA:58,3,1,2
BRF:8
BRH:2
end_of_record
TN:
SF:src\containers\App\actions.js
FN:3,(anonymous_0)
FN:8,(anonymous_1)
FN:13,(anonymous_2)
FN:22,(anonymous_3)
FN:31,(anonymous_4)
FN:36,(anonymous_5)
FNF:6
FNH:0
FNDA:0,(anonymous_0)
FNDA:0,(anonymous_1)
FNDA:0,(anonymous_2)
FNDA:0,(anonymous_3)
FNDA:0,(anonymous_4)
FNDA:0,(anonymous_5)
DA:3,2
DA:8,2
DA:13,2
DA:22,2
DA:31,2
DA:36,2
LF:6
LH:6
BRDA:13,0,0,0
BRDA:13,1,0,0
BRF:2
BRH:0
end_of_record
TN:
SF:src\containers\App\constants.js
FNF:0
FNH:0
DA:1,2
DA:2,2
DA:3,2
DA:4,2
DA:6,2
LF:5
LH:5
BRF:0
BRH:0
end_of_record
TN:
SF:src\containers\App\reducer.js
FN:18,(anonymous_0)
FN:19,(anonymous_1)
FNF:2
FNH:2
FNDA:8,(anonymous_0)
FNDA:8,(anonymous_1)
DA:5,1
DA:16,1
DA:18,1
DA:19,8
DA:20,8
DA:22,0
DA:23,0
DA:25,0
DA:26,0
DA:28,0
DA:29,0
DA:31,0
DA:32,0
LF:13
LH:5
BRDA:18,0,0,3
BRDA:20,1,0,0
BRDA:20,1,1,0
BRDA:20,1,2,0
BRDA:20,1,3,0
BRF:5
BRH:1
end_of_record
TN:
SF:src\containers\App\saga.js
FN:7,doPing
FN:17,appSaga
FNF:2
FNH:1
FNDA:0,doPing
FNDA:1,appSaga
DA:8,0
DA:9,0
DA:12,0
DA:14,0
DA:18,1
LF:5
LH:1
BRF:0
BRH:0
end_of_record
TN:
SF:src\containers\Client\constants.js
FNF:0
FNH:0
DA:1,1
DA:2,1
LF:2
LH:2
BRF:0
BRH:0
end_of_record
TN:
SF:src\containers\Client\reducer.js
FN:12,(anonymous_0)
FN:13,(anonymous_1)
FNF:2
FNH:2
FNDA:8,(anonymous_0)
FNDA:8,(anonymous_1)
DA:5,1
DA:10,1
DA:12,1
DA:13,8
DA:14,8
DA:16,0
DA:17,0
DA:19,0
DA:20,0
LF:9
LH:5
BRDA:12,0,0,3
BRDA:14,1,0,0
BRDA:14,1,1,0
BRF:3
BRH:1
end_of_record
TN:
SF:src\containers\Language\constants.js
FNF:0
FNH:0
DA:1,1
DA:2,1
LF:2
LH:2
BRF:0
BRH:0
end_of_record
TN:
SF:src\containers\Language\reducer.js
FN:15,(anonymous_0)
FN:16,(anonymous_1)
FNF:2
FNH:2
FNDA:8,(anonymous_0)
FNDA:8,(anonymous_1)
DA:8,1
DA:15,1
DA:16,8
DA:17,8
DA:19,0
DA:20,0
LF:6
LH:4
BRDA:15,0,0,3
BRDA:17,1,0,0
BRF:2
BRH:1
end_of_record
TN:
SF:src\domain\api.js
FN:11,(anonymous_0)
FN:25,(anonymous_1)
FN:33,(anonymous_2)
FN:34,(anonymous_3)
FN:41,(anonymous_4)
FNF:5
FNH:0
FNDA:0,(anonymous_0)
FNDA:0,(anonymous_1)
FNDA:0,(anonymous_2)
FNDA:0,(anonymous_3)
FNDA:0,(anonymous_4)
DA:6,1
DA:11,1
DA:12,0
DA:16,0
DA:17,0
DA:25,0
DA:26,0
DA:27,0
DA:33,1
DA:34,1
DA:35,0
DA:38,0
DA:41,1
DA:42,0
DA:43,0
LF:15
LH:5
BRDA:11,0,0,0
BRDA:11,1,0,0
BRDA:11,2,0,0
BRF:3
BRH:0
end_of_record
TN:
SF:src\languages\en.js
FNF:0
FNH:0
LF:0
LH:0
BRF:0
BRH:0
end_of_record
TN:
SF:src\languages\id.js
FNF:0
FNH:0
LF:0
LH:0
BRF:0
BRH:0
end_of_record
TN:
SF:src\pages\Home\actions.js
FN:3,(anonymous_0)
FN:7,(anonymous_1)
FN:12,(anonymous_2)
FNF:3
FNH:0
FNDA:0,(anonymous_0)
FNDA:0,(anonymous_1)
FNDA:0,(anonymous_2)
DA:3,1
DA:7,1
DA:12,1
LF:3
LH:3
BRF:0
BRH:0
end_of_record
TN:
SF:src\pages\Home\constants.js
FNF:0
FNH:0
DA:1,1
DA:2,1
DA:3,1
LF:3
LH:3
BRF:0
BRH:0
end_of_record
TN:
SF:src\pages\Home\reducer.js
FN:11,(anonymous_0)
FN:12,(anonymous_1)
FNF:2
FNH:2
FNDA:8,(anonymous_0)
FNDA:8,(anonymous_1)
DA:5,1
DA:9,1
DA:11,1
DA:12,8
DA:13,8
DA:15,0
DA:16,0
LF:7
LH:5
BRDA:11,0,0,3
BRDA:13,1,0,0
BRF:2
BRH:1
end_of_record
TN:
SF:src\pages\Home\saga.js
FN:8,doFetchPokemon
FN:19,doRegister
FN:33,homeSaga
FNF:3
FNH:1
FNDA:0,doFetchPokemon
FNDA:0,doRegister
FNDA:1,homeSaga
DA:9,0
DA:10,0
DA:11,0
DA:12,0
DA:16,0
DA:20,0
DA:21,0
DA:22,0
DA:23,0
DA:26,0
DA:28,0
DA:30,0
DA:34,1
DA:35,1
LF:14
LH:2
BRDA:26,0,0,0
BRDA:26,0,1,0
BRDA:28,1,0,0
BRDA:28,1,1,0
BRF:4
BRH:0
end_of_record
TN:
SF:src\utils\request.js
FN:5,(anonymous_0)
FN:15,(anonymous_1)
FN:16,(anonymous_2)
FN:19,(anonymous_3)
FNF:4
FNH:0
FNDA:0,(anonymous_0)
FNDA:0,(anonymous_1)
FNDA:0,(anonymous_2)
FNDA:0,(anonymous_3)
DA:5,1
DA:6,0
DA:7,0
DA:8,0
DA:9,0
DA:11,0
DA:14,1
DA:15,0
DA:16,0
DA:19,1
LF:10
LH:3
BRDA:8,0,0,0
BRDA:8,0,1,0
BRF:2
BRH:0
end_of_record
TN:
SF:src\utils\testHelper.js
FN:18,(anonymous_0)
FN:30,(anonymous_1)
FN:32,(anonymous_2)
FN:32,(anonymous_3)
FN:32,(anonymous_4)
FNF:5
FNH:2
FNDA:5,(anonymous_0)
FNDA:5,(anonymous_1)
FNDA:0,(anonymous_2)
FNDA:0,(anonymous_3)
FNDA:0,(anonymous_4)
DA:13,1
DA:18,1
DA:19,5
DA:26,1
DA:30,5
DA:32,1
LF:6
LH:6
BRF:0
BRH:0
end_of_record
